#
# There is insufficient memory for the Java Runtime Environment to continue.
# Native memory allocation (mmap) failed to map 67108864 bytes for Failed to commit area from 0x00000000c1a00000 to 0x00000000c5a00000 of length 67108864.
# Possible reasons:
#   The system is out of physical RAM or swap space
#   The process is running with CompressedOops enabled, and the Java Heap may be blocking the growth of the native heap
# Possible solutions:
#   Reduce memory load on the system
#   Increase physical memory or swap space
#   Check if swap backing store is full
#   Decrease Java heap size (-Xmx/-Xms)
#   Decrease number of Java threads
#   Decrease Java thread stack sizes (-Xss)
#   Set larger code cache with -XX:ReservedCodeCacheSize=
# This output file may be truncated or incomplete.
#
#  Out of Memory Error (./src/hotspot/os/windows/os_windows.cpp:3511), pid=9408, tid=2076
#
# JRE version:  (11.0.11+9) (build )
# Java VM: OpenJDK 64-Bit Server VM (11.0.11+9-b1504.13, mixed mode, sharing, tiered, compressed oops, g1 gc, windows-amd64)
# No core dump will be written. Minidumps are not enabled by default on client versions of Windows
#

---------------  S U M M A R Y ------------

Command Line: git4idea.http.GitAskPassApp Password for 'https://coredeveloper2013@bitbucket.org': 

Host: Intel(R) Pentium(R) CPU 2020M @ 2.40GHz, 2 cores, 3G,  Windows 10 , 64 bit Build 19041 (10.0.19041.1023)
Time: Fri Aug  6 19:52:30 2021 Bangladesh Standard Time elapsed time: 0.020656 seconds (0d 0h 0m 0s)

---------------  T H R E A D  ---------------

Current thread (0x00000291b66ea000):  JavaThread "Unknown thread" [_thread_in_vm, id=2076, stack(0x000000f131c00000,0x000000f131d00000)]

Stack: [0x000000f131c00000,0x000000f131d00000]
Native frames: (J=compiled Java code, j=interpreted, Vv=VM code, C=native code)
V  [jvm.dll+0x5f5d5a]
V  [jvm.dll+0x7798b5]
V  [jvm.dll+0x77aecd]
V  [jvm.dll+0x77b583]
V  [jvm.dll+0x244978]
V  [jvm.dll+0x5f3174]
V  [jvm.dll+0x5e7d55]
V  [jvm.dll+0x30068b]
V  [jvm.dll+0x3005fa]
V  [jvm.dll+0x3004d2]
V  [jvm.dll+0x3053c6]
V  [jvm.dll+0x34e0a3]
V  [jvm.dll+0x34e7a6]
V  [jvm.dll+0x34e1a3]
V  [jvm.dll+0x2db0c8]
V  [jvm.dll+0x2dc267]
V  [jvm.dll+0x758057]
V  [jvm.dll+0x75984c]
V  [jvm.dll+0x35b659]
V  [jvm.dll+0x73b67e]
V  [jvm.dll+0x3c39f3]
V  [jvm.dll+0x3c5dd1]
C  [jli.dll+0x5373]
C  [ucrtbase.dll+0x21bb2]
C  [KERNEL32.DLL+0x17034]
C  [ntdll.dll+0x52651]


---------------  P R O C E S S  ---------------

Threads class SMR info:
_java_thread_list=0x00000291b4540da0, length=0, elements={
}

Java Threads: ( => current thread )

Other Threads:
  0x00000291b6705000 GCTaskThread "GC Thread#0" [stack: 0x000000f131d00000,0x000000f131e00000] [id=9148]
  0x00000291b671e800 ConcurrentGCThread "G1 Main Marker" [stack: 0x000000f131e00000,0x000000f131f00000] [id=3348]
  0x00000291b6722000 ConcurrentGCThread "G1 Conc#0" [stack: 0x000000f131f00000,0x000000f132000000] [id=3300]

[error occurred during error reporting (printing all threads), id 0xc0000005, EXCEPTION_ACCESS_VIOLATION (0xc0000005) at pc=0x00007fff58f9b8f7]

VM state:not at safepoint (not fully initialized)

VM Mutex/Monitor currently owned by a thread:  ([mutex/lock_event])
[0x00000291b66e8e50] Heap_lock - owner thread: 0x00000291b66ea000

Heap address: 0x00000000c1a00000, size: 998 MB, Compressed Oops mode: Non-zero based: 0x00000000c1a00000
Narrow klass base: 0x0000000000000000, Narrow klass shift: 0

GC Heap History (0 events):
No events

Deoptimization events (0 events):
No events

Classes redefined (0 events):
No events

Internal exceptions (0 events):
No events

Events (1 events):
Event: 0.012 Loaded shared library C:\Program Files\JetBrains\PhpStorm 2021.1.3\jbr\bin\zip.dll


Dynamic libraries:
0x00007ff61ae30000 - 0x00007ff61ae3a000 	C:\Program Files\JetBrains\PhpStorm 2021.1.3\jbr\bin\java.exe
0x00007fff84fb0000 - 0x00007fff851a5000 	C:\WINDOWS\SYSTEM32\ntdll.dll
0x00007fff847e0000 - 0x00007fff8489d000 	C:\WINDOWS\System32\KERNEL32.DLL
0x00007fff82a30000 - 0x00007fff82cf9000 	C:\WINDOWS\System32\KERNELBASE.dll
0x00007fff828a0000 - 0x00007fff829a0000 	C:\WINDOWS\System32\ucrtbase.dll
0x00007fff7b4f0000 - 0x00007fff7b509000 	C:\Program Files\JetBrains\PhpStorm 2021.1.3\jbr\bin\jli.dll
0x00007fff7b4d0000 - 0x00007fff7b4e7000 	C:\Program Files\JetBrains\PhpStorm 2021.1.3\jbr\bin\VCRUNTIME140.dll
0x00007fff83160000 - 0x00007fff83300000 	C:\WINDOWS\System32\USER32.dll
0x00007fff82a00000 - 0x00007fff82a22000 	C:\WINDOWS\System32\win32u.dll
0x00007fff711f0000 - 0x00007fff7148a000 	C:\WINDOWS\WinSxS\amd64_microsoft.windows.common-controls_6595b64144ccf1df_6.0.19041.1110_none_60b5254171f9507e\COMCTL32.dll
0x00007fff84ca0000 - 0x00007fff84cca000 	C:\WINDOWS\System32\GDI32.dll
0x00007fff82f40000 - 0x00007fff8304b000 	C:\WINDOWS\System32\gdi32full.dll
0x00007fff848a0000 - 0x00007fff8493e000 	C:\WINDOWS\System32\msvcrt.dll
0x00007fff82750000 - 0x00007fff827ed000 	C:\WINDOWS\System32\msvcp_win.dll
0x00007fff83080000 - 0x00007fff830b0000 	C:\WINDOWS\System32\IMM32.DLL
0x00007fff5c120000 - 0x00007fff5c1bd000 	C:\Program Files\JetBrains\PhpStorm 2021.1.3\jbr\bin\msvcp140.dll
0x00007fff58cb0000 - 0x00007fff597fa000 	C:\Program Files\JetBrains\PhpStorm 2021.1.3\jbr\bin\server\jvm.dll
0x00007fff84540000 - 0x00007fff845ec000 	C:\WINDOWS\System32\ADVAPI32.dll
0x00007fff84670000 - 0x00007fff8470b000 	C:\WINDOWS\System32\sechost.dll
0x00007fff83e50000 - 0x00007fff83f7a000 	C:\WINDOWS\System32\RPCRT4.dll
0x00007fff84d40000 - 0x00007fff84d48000 	C:\WINDOWS\System32\PSAPI.DLL
0x00007fff800b0000 - 0x00007fff800b9000 	C:\WINDOWS\SYSTEM32\WSOCK32.dll
0x00007fff76f00000 - 0x00007fff76f27000 	C:\WINDOWS\SYSTEM32\WINMM.dll
0x00007fff84f00000 - 0x00007fff84f6b000 	C:\WINDOWS\System32\WS2_32.dll
0x00007fff76cd0000 - 0x00007fff76cda000 	C:\WINDOWS\SYSTEM32\VERSION.dll
0x00007fff80680000 - 0x00007fff80692000 	C:\WINDOWS\SYSTEM32\kernel.appcore.dll
0x00007fff80060000 - 0x00007fff80071000 	C:\Program Files\JetBrains\PhpStorm 2021.1.3\jbr\bin\verify.dll
0x00007fff75fb0000 - 0x00007fff76194000 	C:\WINDOWS\SYSTEM32\DBGHELP.DLL
0x00007fff75f80000 - 0x00007fff75fac000 	C:\WINDOWS\SYSTEM32\dbgcore.DLL
0x00007fff82d00000 - 0x00007fff82d83000 	C:\WINDOWS\System32\bcryptPrimitives.dll
0x00007fff80030000 - 0x00007fff80059000 	C:\Program Files\JetBrains\PhpStorm 2021.1.3\jbr\bin\java.dll
0x00007fff7e270000 - 0x00007fff7e27b000 	C:\Program Files\JetBrains\PhpStorm 2021.1.3\jbr\bin\jimage.dll
0x00007fff7d310000 - 0x00007fff7d328000 	C:\Program Files\JetBrains\PhpStorm 2021.1.3\jbr\bin\zip.dll

dbghelp: loaded successfully - version: 4.0.5 - missing functions: none
symbol engine: initialized successfully - sym options: 0x614 - pdb path: .;C:\Program Files\JetBrains\PhpStorm 2021.1.3\jbr\bin;C:\WINDOWS\SYSTEM32;C:\WINDOWS\WinSxS\amd64_microsoft.windows.common-controls_6595b64144ccf1df_6.0.19041.1110_none_60b5254171f9507e;C:\Program Files\JetBrains\PhpStorm 2021.1.3\jbr\bin\server

VM Arguments:
java_command: git4idea.http.GitAskPassApp Password for 'https://coredeveloper2013@bitbucket.org': 
java_class_path (initial): C:/Program Files/JetBrains/PhpStorm 2021.1.3/plugins/git4idea/lib/git4idea-rt.jar;C:/Program Files/JetBrains/PhpStorm 2021.1.3/lib/3rd-party.jar
Launcher Type: SUN_STANDARD

[Global flags]
     intx CICompilerCount                          = 2                                         {product} {ergonomic}
     uint ConcGCThreads                            = 1                                         {product} {ergonomic}
     uint G1ConcRefinementThreads                  = 2                                         {product} {ergonomic}
   size_t G1HeapRegionSize                         = 1048576                                   {product} {ergonomic}
    uintx GCDrainStackTargetSize                   = 64                                        {product} {ergonomic}
   size_t InitialHeapSize                          = 67108864                                  {product} {ergonomic}
   size_t MarkStackSize                            = 4194304                                   {product} {ergonomic}
   size_t MaxHeapSize                              = 1046478848                                {product} {ergonomic}
   size_t MinHeapDeltaBytes                        = 1048576                                   {product} {ergonomic}
    uintx NonNMethodCodeHeapSize                   = 5825164                                {pd product} {ergonomic}
    uintx NonProfiledCodeHeapSize                  = 122916538                              {pd product} {ergonomic}
    uintx ProfiledCodeHeapSize                     = 122916538                              {pd product} {ergonomic}
    uintx ReservedCodeCacheSize                    = 251658240                              {pd product} {ergonomic}
     bool SegmentedCodeCache                       = true                                      {product} {ergonomic}
     bool UseCompressedClassPointers               = true                                 {lp64_product} {ergonomic}
     bool UseCompressedOops                        = true                                 {lp64_product} {ergonomic}
     bool UseG1GC                                  = true                                      {product} {ergonomic}
     bool UseLargePagesIndividualAllocation        = false                                  {pd product} {ergonomic}

Logging:
Log output configuration:
 #0: stdout all=warning uptime,level,tags
 #1: stderr all=off uptime,level,tags

Environment Variables:
PATH=C:/Program Files/Git/mingw64/libexec/git-core;C:/Program Files/Git/mingw64/libexec/git-core;C:\Program Files\Git\mingw64\bin;C:\Program Files\Git\usr\bin;C:\Users\Office\bin;C:\WINDOWS\system32;C:\WINDOWS;C:\WINDOWS\System32\Wbem;C:\WINDOWS\System32\WindowsPowerShell\v1.0\;C:\Program Files\Git\cmd;C:\Program Files\nodejs\;C:\xampp\php;C:\ProgramData\ComposerSetup\bin;C:\Program Files\PuTTY\;C:\WINDOWS\System32\OpenSSH\;C:\xampp\mysql\bin\;C:\Users\Office\AppData\Local\Microsoft\WindowsApps;C:\Users\Office\AppData\Local\GitHubDesktop\bin
USERNAME=Office
DISPLAY=:0.0
LC_ALL=en_US.UTF-8
OS=Windows_NT
PROCESSOR_IDENTIFIER=Intel64 Family 6 Model 58 Stepping 9, GenuineIntel



---------------  S Y S T E M  ---------------

OS: Windows 10 , 64 bit Build 19041 (10.0.19041.1023)
OS uptime: 0 days 22:05 hours

CPU:total 2 (initial active 2) (2 cores per cpu, 1 threads per core) family 6 model 58 stepping 9 microcode 0x21, cmov, cx8, fxsr, mmx, sse, sse2, sse3, ssse3, sse4.1, sse4.2, popcnt, clmul, erms, tsc, tscinvbit, tscinv

Memory: 4k page, system-wide physical 3985M (473M free)
TotalPageFile size 7984M (AvailPageFile size 67M)
current process WorkingSet (physical memory assigned to process): 9M, peak: 9M
current process commit charge ("private bytes"): 47M, peak: 111M

vm_info: OpenJDK 64-Bit Server VM (11.0.11+9-b1504.13) for windows-amd64 JRE (11.0.11+9-b1504.13), built on Jul 18 2021 03:17:44 by "" with MS VC++ 14.0 (VS2015)

END.
